<?xml version="1.0" encoding="UTF-8"?>
<testng-results ignored="0" total="1" passed="1" failed="0" skipped="0">
  <reporter-output>
  </reporter-output>
  <suite started-at="2023-10-04T18:12:59 IST" name="Default suite" finished-at="2023-10-04T18:12:59 IST" duration-ms="42">
    <groups>
    </groups>
    <test started-at="2023-10-04T18:12:59 IST" name="Default test" finished-at="2023-10-04T18:12:59 IST" duration-ms="42">
      <class name="com.apple.developer.SampleRRRTest">
        <test-method signature="test1()[pri:0, instance:com.apple.developer.SampleRRRTest@48aaecc3]" started-at="2023-10-04T18:12:59 IST" name="test1" finished-at="2023-10-04T18:12:59 IST" duration-ms="13" status="PASS">
          <reporter-output>
          </reporter-output>
        </test-method> <!-- test1 -->
      </class> <!-- com.apple.developer.SampleRRRTest -->
    </test> <!-- Default test -->
  </suite> <!-- Default suite -->
</testng-results>
